<?xml version="1.0" encoding="UTF-8"?>
<!-- Generated by org.testng.reporters.JUnitXMLReporter -->
<testsuite hostname="NDRT37-ATIKA" ignored="0" name="Default test" tests="6" failures="0" timestamp="08 Mar 2018 09:37:23 GMT" time="24.608" errors="0">
  <testcase name="@BeforeMethod ContactsPageCheck" time="24.107" classname="com.qa.crm.testcases.ContactsPage_Test">
    <failure type="org.openqa.selenium.TimeoutException" message="timeout
  (Session info: chrome=64.0.3282.186)
  (Driver info: chromedriver=2.34.522940 (1a76f96f66e3ca7b8e57d503b4dd3bccfba87af1),platform=Windows NT 10.0.10240 x86_64) (WARNING: The server did not provide any stacktrace information)
Command duration or timeout: 0 milliseconds
Build info: version: &amp;apos;3.9.1&amp;apos;, revision: &amp;apos;63f7b50&amp;apos;, time: &amp;apos;2018-02-07T22:25:02.294Z&amp;apos;
System info: host: &amp;apos;NDRT37-ATIKA&amp;apos;, ip: &amp;apos;192.168.10.168&amp;apos;, os.name: &amp;apos;Windows 10&amp;apos;, os.arch: &amp;apos;amd64&amp;apos;, os.version: &amp;apos;10.0&amp;apos;, java.version: &amp;apos;1.8.0_131&amp;apos;
Driver info: org.openqa.selenium.chrome.ChromeDriver
Capabilities {acceptSslCerts: true, applicationCacheEnabled: false, browserConnectionEnabled: false, browserName: chrome, chrome: {chromedriverVersion: 2.34.522940 (1a76f96f66e3ca..., userDataDir: C:\Users\WINDOW~1\AppData\L...}, cssSelectorsEnabled: true, databaseEnabled: false, handlesAlerts: true, hasTouchScreen: false, javascriptEnabled: true, locationContextEnabled: true, mobileEmulationEnabled: false, nativeEvents: true, networkConnectionEnabled: false, pageLoadStrategy: normal, platform: XP, platformName: XP, rotatable: false, setWindowRect: true, takesHeapSnapshot: true, takesScreenshot: true, unexpectedAlertBehaviour: , unhandledPromptBehavior: , version: 64.0.3282.186, webStorageEnabled: true}
Session ID: 0243b0de6f0e72b441aafe646d06a022">
      <![CDATA[org.openqa.selenium.TimeoutException: timeout
  (Session info: chrome=64.0.3282.186)
  (Driver info: chromedriver=2.34.522940 (1a76f96f66e3ca7b8e57d503b4dd3bccfba87af1),platform=Windows NT 10.0.10240 x86_64) (WARNING: The server did not provide any stacktrace information)
Command duration or timeout: 0 milliseconds
Build info: version: '3.9.1', revision: '63f7b50', time: '2018-02-07T22:25:02.294Z'
System info: host: 'NDRT37-ATIKA', ip: '192.168.10.168', os.name: 'Windows 10', os.arch: 'amd64', os.version: '10.0', java.version: '1.8.0_131'
Driver info: org.openqa.selenium.chrome.ChromeDriver
Capabilities {acceptSslCerts: true, applicationCacheEnabled: false, browserConnectionEnabled: false, browserName: chrome, chrome: {chromedriverVersion: 2.34.522940 (1a76f96f66e3ca..., userDataDir: C:\Users\WINDOW~1\AppData\L...}, cssSelectorsEnabled: true, databaseEnabled: false, handlesAlerts: true, hasTouchScreen: false, javascriptEnabled: true, locationContextEnabled: true, mobileEmulationEnabled: false, nativeEvents: true, networkConnectionEnabled: false, pageLoadStrategy: normal, platform: XP, platformName: XP, rotatable: false, setWindowRect: true, takesHeapSnapshot: true, takesScreenshot: true, unexpectedAlertBehaviour: , unhandledPromptBehavior: , version: 64.0.3282.186, webStorageEnabled: true}
Session ID: 0243b0de6f0e72b441aafe646d06a022
at sun.reflect.NativeConstructorAccessorImpl.newInstance0(Native Method)
at sun.reflect.NativeConstructorAccessorImpl.newInstance(Unknown Source)
at sun.reflect.DelegatingConstructorAccessorImpl.newInstance(Unknown Source)
at java.lang.reflect.Constructor.newInstance(Unknown Source)
at org.openqa.selenium.remote.ErrorHandler.createThrowable(ErrorHandler.java:214)
at org.openqa.selenium.remote.ErrorHandler.throwIfResponseFailed(ErrorHandler.java:166)
at org.openqa.selenium.remote.http.JsonHttpResponseCodec.reconstructValue(JsonHttpResponseCodec.java:40)
at org.openqa.selenium.remote.http.AbstractHttpResponseCodec.decode(AbstractHttpResponseCodec.java:80)
at org.openqa.selenium.remote.http.AbstractHttpResponseCodec.decode(AbstractHttpResponseCodec.java:44)
at org.openqa.selenium.remote.HttpCommandExecutor.execute(HttpCommandExecutor.java:160)
at org.openqa.selenium.remote.service.DriverCommandExecutor.execute(DriverCommandExecutor.java:83)
at org.openqa.selenium.remote.RemoteWebDriver.execute(RemoteWebDriver.java:601)
at org.openqa.selenium.remote.RemoteWebDriver.get(RemoteWebDriver.java:325)
at come.qa.crm.base.TestBase.initialization(TestBase.java:60)
at com.qa.crm.testcases.ContactsPage_Test.ContactsPageCheck(ContactsPage_Test.java:36)
at sun.reflect.NativeMethodAccessorImpl.invoke0(Native Method)
at sun.reflect.NativeMethodAccessorImpl.invoke(Unknown Source)
at sun.reflect.DelegatingMethodAccessorImpl.invoke(Unknown Source)
at java.lang.reflect.Method.invoke(Unknown Source)
at org.testng.internal.MethodInvocationHelper.invokeMethod(MethodInvocationHelper.java:124)
at org.testng.internal.MethodInvocationHelper.invokeMethodConsideringTimeout(MethodInvocationHelper.java:59)
at org.testng.internal.Invoker.invokeConfigurationMethod(Invoker.java:455)
at org.testng.internal.Invoker.invokeConfigurations(Invoker.java:222)
at org.testng.internal.Invoker.invokeMethod(Invoker.java:520)
at org.testng.internal.Invoker.invokeTestMethod(Invoker.java:716)
at org.testng.internal.Invoker.invokeTestMethods(Invoker.java:988)
at org.testng.internal.TestMethodWorker.invokeTestMethods(TestMethodWorker.java:125)
at org.testng.internal.TestMethodWorker.run(TestMethodWorker.java:109)
at org.testng.TestRunner.privateRun(TestRunner.java:648)
at org.testng.TestRunner.run(TestRunner.java:505)
at org.testng.SuiteRunner.runTest(SuiteRunner.java:455)
at org.testng.SuiteRunner.runSequentially(SuiteRunner.java:450)
at org.testng.SuiteRunner.privateRun(SuiteRunner.java:415)
at org.testng.SuiteRunner.run(SuiteRunner.java:364)
at org.testng.SuiteRunnerWorker.runSuite(SuiteRunnerWorker.java:52)
at org.testng.SuiteRunnerWorker.run(SuiteRunnerWorker.java:84)
at org.testng.TestNG.runSuitesSequentially(TestNG.java:1208)
at org.testng.TestNG.runSuitesLocally(TestNG.java:1137)
at org.testng.TestNG.runSuites(TestNG.java:1049)
at org.testng.TestNG.run(TestNG.java:1017)
at org.testng.remote.AbstractRemoteTestNG.run(AbstractRemoteTestNG.java:114)
at org.testng.remote.RemoteTestNG.initAndRun(RemoteTestNG.java:251)
at org.testng.remote.RemoteTestNG.main(RemoteTestNG.java:77)
]]>
    </failure>
  </testcase> <!-- @BeforeMethod ContactsPageCheck -->
  <testcase name="@AfterMethod teardown" time="0.0" classname="com.qa.crm.testcases.ContactsPage_Test">
    <skipped/>
  </testcase> <!-- @AfterMethod teardown -->
  <testcase name="@BeforeMethod ContactsPageCheck" time="0.0" classname="com.qa.crm.testcases.ContactsPage_Test">
    <skipped/>
  </testcase> <!-- @BeforeMethod ContactsPageCheck -->
  <testcase name="@AfterMethod teardown" time="0.0" classname="com.qa.crm.testcases.ContactsPage_Test">
    <skipped/>
  </testcase> <!-- @AfterMethod teardown -->
  <testcase name="@BeforeMethod ContactsPageCheck" time="0.0" classname="com.qa.crm.testcases.ContactsPage_Test">
    <skipped/>
  </testcase> <!-- @BeforeMethod ContactsPageCheck -->
  <testcase name="@AfterMethod teardown" time="0.0" classname="com.qa.crm.testcases.ContactsPage_Test">
    <skipped/>
  </testcase> <!-- @AfterMethod teardown -->
  <testcase name="@BeforeMethod ContactsPageCheck" time="0.0" classname="com.qa.crm.testcases.ContactsPage_Test">
    <skipped/>
  </testcase> <!-- @BeforeMethod ContactsPageCheck -->
  <testcase name="@AfterMethod teardown" time="0.0" classname="com.qa.crm.testcases.ContactsPage_Test">
    <skipped/>
  </testcase> <!-- @AfterMethod teardown -->
  <testcase name="@BeforeMethod ContactsPageCheck" time="0.0" classname="com.qa.crm.testcases.ContactsPage_Test">
    <skipped/>
  </testcase> <!-- @BeforeMethod ContactsPageCheck -->
  <testcase name="@AfterMethod teardown" time="0.0" classname="com.qa.crm.testcases.ContactsPage_Test">
    <skipped/>
  </testcase> <!-- @AfterMethod teardown -->
  <testcase name="@BeforeMethod ContactsPageCheck" time="0.0" classname="com.qa.crm.testcases.ContactsPage_Test">
    <skipped/>
  </testcase> <!-- @BeforeMethod ContactsPageCheck -->
  <testcase name="@AfterMethod teardown" time="0.0" classname="com.qa.crm.testcases.ContactsPage_Test">
    <skipped/>
  </testcase> <!-- @AfterMethod teardown -->
  <testcase name="fill_form" time="0.0" classname="com.qa.crm.testcases.ContactsPage_Test">
    <skipped/>
  </testcase> <!-- fill_form -->
  <testcase name="fill_form" time="0.0" classname="com.qa.crm.testcases.ContactsPage_Test">
    <skipped/>
  </testcase> <!-- fill_form -->
  <testcase name="fill_form" time="0.0" classname="com.qa.crm.testcases.ContactsPage_Test">
    <skipped/>
  </testcase> <!-- fill_form -->
  <testcase name="fill_form" time="0.0" classname="com.qa.crm.testcases.ContactsPage_Test">
    <skipped/>
  </testcase> <!-- fill_form -->
  <testcase name="verifyContactLabelTest" time="0.0" classname="com.qa.crm.testcases.ContactsPage_Test">
    <skipped/>
  </testcase> <!-- verifyContactLabelTest -->
  <testcase name="verifyName" time="0.0" classname="com.qa.crm.testcases.ContactsPage_Test">
    <skipped/>
  </testcase> <!-- verifyName -->
</testsuite> <!-- Default test -->
